<?xml version="1.0" encoding="UTF-8" ?>
<testsuite failures="0" time="0.188" errors="0" skipped="0" tests="2" name="ch.tarik.app.AppTest">
  <properties>
    <property name="java.runtime.name" value="Java(TM) SE Runtime Environment"/>
    <property name="sun.boot.library.path" value="c:\app\java\jdk160_06\jre\bin"/>
    <property name="java.vm.version" value="14.2-b01"/>
    <property name="java.vm.vendor" value="Sun Microsystems Inc."/>
    <property name="java.vendor.url" value="http://java.sun.com/"/>
    <property name="path.separator" value=";"/>
    <property name="java.vm.name" value="Java HotSpot(TM) Client VM"/>
    <property name="file.encoding.pkg" value="sun.io"/>
    <property name="user.country" value="US"/>
    <property name="sun.java.launcher" value="SUN_STANDARD"/>
    <property name="sun.os.patch.level" value="Service Pack 3"/>
    <property name="java.vm.specification.name" value="Java Virtual Machine Specification"/>
    <property name="user.dir" value="C:\Documents and Settings\Tarik\My Documents\HSZ-T\MethodenderProgrammierung\FirstMavenProj\myapp"/>
    <property name="java.runtime.version" value="1.6.0_16-b01"/>
    <property name="java.awt.graphicsenv" value="sun.awt.Win32GraphicsEnvironment"/>
    <property name="basedir" value="C:\Documents and Settings\Tarik\My Documents\HSZ-T\MethodenderProgrammierung\FirstMavenProj\myapp"/>
    <property name="java.endorsed.dirs" value="c:\app\java\jdk160_06\jre\lib\endorsed"/>
    <property name="os.arch" value="x86"/>
    <property name="surefire.real.class.path" value="C:\DOCUME~1\Tarik\LOCALS~1\Temp\surefirebooter1178223687725839867.jar"/>
    <property name="java.io.tmpdir" value="C:\DOCUME~1\Tarik\LOCALS~1\Temp\"/>
    <property name="line.separator" value="
"/>
    <property name="java.vm.specification.vendor" value="Sun Microsystems Inc."/>
    <property name="user.variant" value=""/>
    <property name="os.name" value="Windows XP"/>
    <property name="sun.jnu.encoding" value="Cp1252"/>
    <property name="java.library.path" value="c:\app\java\jdk160_06\jre\bin;.;C:\WINDOWS\Sun\Java\bin;C:\WINDOWS\system32;C:\WINDOWS;c:\app\java\jdk160_06\bin;c:\app\java\jdk160_06\bin;c:\app\java\jdk160_06\bin;c:\app\java\jdk160_06\bin;C:\Program Files\CollabNet\Subversion Server;C:\WINDOWS\system32;C:\WINDOWS;C:\WINDOWS\System32\Wbem;C:\Program Files\QuickTime\QTSystem\;C:\Program Files\Common Files\DivX Shared\;C:\Program Files\TortoiseSVN\bin;C:\Program Files\Common Files\Teleca Shared;C:\app\apache-maven-2.0.11\bin"/>
    <property name="surefire.test.class.path" value="C:\Documents and Settings\Tarik\My Documents\HSZ-T\MethodenderProgrammierung\FirstMavenProj\myapp\target\test-classes;C:\Documents and Settings\Tarik\My Documents\HSZ-T\MethodenderProgrammierung\FirstMavenProj\myapp\target\classes;C:\Documents and Settings\Tarik\.m2\repository\junit\junit\3.8.1\junit-3.8.1.jar;"/>
    <property name="java.specification.name" value="Java Platform API Specification"/>
    <property name="java.class.version" value="50.0"/>
    <property name="sun.management.compiler" value="HotSpot Client Compiler"/>
    <property name="os.version" value="5.1"/>
    <property name="user.home" value="C:\Documents and Settings\Tarik"/>
    <property name="user.timezone" value=""/>
    <property name="java.awt.printerjob" value="sun.awt.windows.WPrinterJob"/>
    <property name="java.specification.version" value="1.6"/>
    <property name="file.encoding" value="Cp1252"/>
    <property name="user.name" value="Tarik"/>
    <property name="java.class.path" value="C:\Documents and Settings\Tarik\My Documents\HSZ-T\MethodenderProgrammierung\FirstMavenProj\myapp\target\test-classes;C:\Documents and Settings\Tarik\My Documents\HSZ-T\MethodenderProgrammierung\FirstMavenProj\myapp\target\classes;C:\Documents and Settings\Tarik\.m2\repository\junit\junit\3.8.1\junit-3.8.1.jar;"/>
    <property name="java.vm.specification.version" value="1.0"/>
    <property name="sun.arch.data.model" value="32"/>
    <property name="java.home" value="c:\app\java\jdk160_06\jre"/>
    <property name="java.specification.vendor" value="Sun Microsystems Inc."/>
    <property name="user.language" value="en"/>
    <property name="awt.toolkit" value="sun.awt.windows.WToolkit"/>
    <property name="java.vm.info" value="mixed mode"/>
    <property name="java.version" value="1.6.0_16"/>
    <property name="java.ext.dirs" value="c:\app\java\jdk160_06\jre\lib\ext;C:\WINDOWS\Sun\Java\lib\ext"/>
    <property name="sun.boot.class.path" value="c:\app\java\jdk160_06\jre\lib\resources.jar;c:\app\java\jdk160_06\jre\lib\rt.jar;c:\app\java\jdk160_06\jre\lib\sunrsasign.jar;c:\app\java\jdk160_06\jre\lib\jsse.jar;c:\app\java\jdk160_06\jre\lib\jce.jar;c:\app\java\jdk160_06\jre\lib\charsets.jar;c:\app\java\jdk160_06\jre\classes"/>
    <property name="java.vendor" value="Sun Microsystems Inc."/>
    <property name="localRepository" value="C:\Documents and Settings\Tarik\.m2\repository"/>
    <property name="file.separator" value="\"/>
    <property name="java.vendor.url.bug" value="http://java.sun.com/cgi-bin/bugreport.cgi"/>
    <property name="sun.cpu.endian" value="little"/>
    <property name="sun.io.unicode.encoding" value="UnicodeLittle"/>
    <property name="sun.desktop" value="windows"/>
    <property name="sun.cpu.isalist" value="pentium_pro+mmx pentium_pro pentium+mmx pentium i486 i386 i86"/>
  </properties>
  <testcase time="0" classname="ch.tarik.app.AppTest" name="testApp"/>
  <testcase time="0.016" classname="ch.tarik.app.AppTest" name="testWho"/>
</testsuite>